[+] Containers:
 |- [+] Container: /Game/ThirdPerson/Maps/ThirdPersonMap
 |   |- [+] ActorDescs:
 |   |   |- Guid:002A9BCA4192132157E4FA9C80E1DB97 BaseClass: NativeClass:/Script/Engine.StaticMeshActor Name:StaticMeshActor_UAID_D45D64B670AFEDAD01_1317438568 Label:SM_QuarterCylinder7 SpatiallyLoaded:1 Bounds:IsValid=true, Min=(X=1726.758 Y=2880.498 Z=124.867), Max=(X=1827.967 Y=2980.990 Z=325.238) RuntimeGrid:None EditorOnly:0 RuntimeOnly:0 HLODRelevant:1 FolderPath:Block03 FolderGuid:7B7009C345D3D6DD94D3429E1D79C034
 |   |   |- Guid:02F7AFEE468A12CCF718CE85655803CF BaseClass:/Game/Blueprints/BP_Spikes.BP_Spikes_C NativeClass:/Script/Engine.Actor Name:BP_Spikes_C_UAID_D45D64B670AFECAD01_2070810387 Label:BP_Spikes5 SpatiallyLoaded:1 Bounds:IsValid=true, Min=(X=1303.046 Y=1466.913 Z=96.353), Max=(X=1421.681 Y=1595.449 Z=195.994) RuntimeGrid:None EditorOnly:0 RuntimeOnly:0 HLODRelevant:0
 |   |   |- Guid:03F83689458E96B2E71DB58A944A9B96 BaseClass:/Game/Blueprints/BP_Spikes.BP_Spikes_C NativeClass:/Script/Engine.Actor Name:BP_Spikes_C_UAID_D45D64B670AFB7AC01_1422042009 Label:BP_Spikes SpatiallyLoaded:1 Bounds:IsValid=true, Min=(X=1303.046 Y=964.719 Z=96.353), Max=(X=1421.681 Y=1093.255 Z=195.994) RuntimeGrid:None EditorOnly:0 RuntimeOnly:0 HLODRelevant:0
 |   |   |- Guid:0456D95B41E2955E5B3F558C291BB96E BaseClass:/Game/Blueprints/BP_Spikes.BP_Spikes_C NativeClass:/Script/Engine.Actor Name:BP_Spikes_C_UAID_D45D64B670AFEDAD01_1526650578 Label:BP_Spikes11 SpatiallyLoaded:1 Bounds:IsValid=true, Min=(X=1715.546 Y=2826.572 Z=319.545), Max=(X=1834.181 Y=2955.109 Z=419.185) RuntimeGrid:None EditorOnly:0 RuntimeOnly:0 HLODRelevant:0
 |   |   |- Guid:08F9DC56444CFFF3F13B379E81EF05BC BaseClass: NativeClass:/Script/Engine.StaticMeshActor Name:StaticMeshActor_16 Label:SM_Cube11 SpatiallyLoaded:1 Bounds:IsValid=true, Min=(X=742.329 Y=2580.502 Z=124.139), Max=(X=1044.489 Y=2881.945 Z=325.257) RuntimeGrid:None EditorOnly:0 RuntimeOnly:0 HLODRelevant:1 FolderPath:Block03 FolderGuid:7B7009C345D3D6DD94D3429E1D79C034
 |   |   |- Guid:0A733B864C327F0B589EC8BBDD0265BC BaseClass: NativeClass:/Script/Engine.StaticMeshActor Name:StaticMeshActor_13 Label:SM_Cube9 SpatiallyLoaded:1 Bounds:IsValid=true, Min=(X=1261.465 Y=260.630 Z=-0.000), Max=(X=1461.465 Y=960.630 Z=100.000) RuntimeGrid:None EditorOnly:0 RuntimeOnly:0 HLODRelevant:1 FolderPath:Block01 FolderGuid:7D23E5AE4C2A421F86AF6986D87E6D05
 |   |   |- Guid:1A789DC8415097E9856E5DB60740F01D BaseClass: NativeClass:/Script/Engine.StaticMeshActor Name:StaticMeshActor_34 Label:SM_QuarterCylinder13 SpatiallyLoaded:1 Bounds:IsValid=true, Min=(X=2383.890 Y=2081.872 Z=0.000), Max=(X=2583.890 Y=2281.872 Z=100.000) RuntimeGrid:None EditorOnly:0 RuntimeOnly:0 HLODRelevant:1 FolderPath:Cylinder FolderGuid:D075E5BA49330D3EC2503D81A7CF88D1
 |   |   |- Guid:1B0485974BE5EED58A120AA22E0DDA38 BaseClass: NativeClass:/Script/Engine.StaticMeshActor Name:StaticMeshActor_UAID_D45D64B670AFECAD01_2037516385 Label:SM_Cube15 SpatiallyLoaded:1 Bounds:IsValid=true, Min=(X=1261.465 Y=1227.537 Z=100.000), Max=(X=1461.465 Y=1327.537 Z=200.000) RuntimeGrid:None EditorOnly:0 RuntimeOnly:0 HLODRelevant:1 FolderPath:Block01 FolderGuid:7D23E5AE4C2A421F86AF6986D87E6D05
 |   |   |- Guid:1B9598344A1F20E1A5125DA8A7E9FC0F BaseClass: NativeClass:/Script/Engine.StaticMeshActor Name:StaticMeshActor_22 Label:SM_QuarterCylinder4 SpatiallyLoaded:1 Bounds:IsValid=true, Min=(X=741.852 Y=2880.498 Z=124.867), Max=(X=843.061 Y=2980.990 Z=325.238) RuntimeGrid:None EditorOnly:0 RuntimeOnly:0 HLODRelevant:1 FolderPath:Block03 FolderGuid:7B7009C345D3D6DD94D3429E1D79C034
 |   |   |- Guid:25F913DD431AF1FA64FC33A666AA1CF9 BaseClass: NativeClass:/Script/Engine.StaticMeshActor Name:StaticMeshActor_UAID_D45D64B670AFECAD01_1925847383 Label:SM_Ramp4 SpatiallyLoaded:1 Bounds:IsValid=true, Min=(X=1461.432 Y=260.962 Z=-0.000), Max=(X=1861.432 Y=460.962 Z=100.000) RuntimeGrid:None EditorOnly:0 RuntimeOnly:0 HLODRelevant:1 FolderPath:Block01 FolderGuid:7D23E5AE4C2A421F86AF6986D87E6D05
 |   |   |- Guid:26B8C3BE41021A3F42B61FA534F9181E BaseClass: NativeClass:/Script/Engine.StaticMeshActor Name:StaticMeshActor_20 Label:SM_Cube12 SpatiallyLoaded:1 Bounds:IsValid=true, Min=(X=2500.000 Y=2700.000 Z=0.000), Max=(X=2600.000 Y=2800.000 Z=200.000) RuntimeGrid:None EditorOnly:0 RuntimeOnly:0 HLODRelevant:1 FolderPath:Block02 FolderGuid:EBA23F8248252949750E43911A3A1CDD
 |   |   |- Guid:28DD352A4676DF842C7D9A8E66260934 BaseClass:/Game/Blueprints/BP_Spikes.BP_Spikes_C NativeClass:/Script/Engine.Actor Name:BP_Spikes_C_UAID_D45D64B670AFEDAD01_1526647577 Label:BP_Spikes10 SpatiallyLoaded:1 Bounds:IsValid=true, Min=(X=1908.289 Y=2826.572 Z=319.545), Max=(X=2026.924 Y=2955.109 Z=419.185) RuntimeGrid:None EditorOnly:0 RuntimeOnly:0 HLODRelevant:0
 |   |   |- Guid:2FA6BEF1489859A1A16BDDA3CFCE0D48 BaseClass:/Game/Blueprints/CollectableCoins.CollectableCoins_C NativeClass:/Script/Engine.Actor Name:CollectableCoins_C_UAID_D45D64B670AFB4AC01_1228442478 Label:CollectableCoins5 SpatiallyLoaded:1 Bounds:IsValid=true, Min=(X=865.258 Y=1812.775 Z=14.512), Max=(X=929.258 Y=1876.775 Z=78.512) RuntimeGrid:None EditorOnly:0 RuntimeOnly:0 HLODRelevant:0
 |   |   |- Guid:2FB58999456391D349DC0F86DAC136ED BaseClass: NativeClass:/Script/Engine.SkyLight Name:SkyLight_1 Label:SkyLight SpatiallyLoaded:0 Bounds:IsValid=true, Min=(X=0.000 Y=0.000 Z=690.000), Max=(X=0.000 Y=0.000 Z=690.000) RuntimeGrid:None EditorOnly:0 RuntimeOnly:0 HLODRelevant:0 FolderPath:Lighting FolderGuid:963EC3EB4002CCE9759E2EBA541A873A
 |   |   |- Guid:314E760648913916237C6A9BC25A7794 BaseClass: NativeClass:/Script/Engine.StaticMeshActor Name:StaticMeshActor_UAID_D45D64B670AFEFAD01_1731638931 Label:SM_Cube21 SpatiallyLoaded:1 Bounds:IsValid=true, Min=(X=1728.656 Y=2580.097 Z=521.521), Max=(X=2029.550 Y=2731.531 Z=572.630) RuntimeGrid:None EditorOnly:0 RuntimeOnly:0 HLODRelevant:1 FolderPath:Block03 FolderGuid:7B7009C345D3D6DD94D3429E1D79C034
 |   |   |- Guid:316CF2A6494ACA4C0E4180A87D36AB8F BaseClass: NativeClass:/Script/Engine.ExponentialHeightFog Name:ExponentialHeightFog_0 Label:ExponentialHeightFog SpatiallyLoaded:0 Bounds:IsValid=true, Min=(X=-5600.000 Y=-50.000 Z=-6850.000), Max=(X=-5600.000 Y=-50.000 Z=-6850.000) RuntimeGrid:None EditorOnly:0 RuntimeOnly:0 HLODRelevant:0 FolderPath:Lighting FolderGuid:963EC3EB4002CCE9759E2EBA541A873A
 |   |   |- Guid:3A00AA1C422CE54C0BDB60BAF471BFBB BaseClass: NativeClass:/Script/Engine.PlayerStart Name:PlayerStart_0 Label:PlayerStart SpatiallyLoaded:0 Bounds:IsValid=true, Min=(X=860.000 Y=1070.000 Z=0.013), Max=(X=940.000 Y=1150.000 Z=184.013) RuntimeGrid:None EditorOnly:0 RuntimeOnly:0 HLODRelevant:0
 |   |   |- Guid:43815E84492231AFC407F59E3C28176B BaseClass: NativeClass:/Script/Engine.StaticMeshActor Name:StaticMeshActor_4 Label:SM_Cube6 SpatiallyLoaded:1 Bounds:IsValid=true, Min=(X=2900.000 Y=100.000 Z=0.000), Max=(X=3000.000 Y=3400.000 Z=400.000) RuntimeGrid:None EditorOnly:0 RuntimeOnly:0 HLODRelevant:1 FolderPath:Playground FolderGuid:C73F09FC4215536B1DCE2A9E0A830C70
 |   |   |- Guid:472BEE8F42E2FCC25B43C39EEBD87F01 BaseClass:/Game/Blueprints/BP_Live.BP_Live_C NativeClass:/Script/Engine.Actor Name:BP_Live_C_UAID_D45D64B670AF0EAD01_1753067314 Label:BP_Live SpatiallyLoaded:1 Bounds:IsValid=true, Min=(X=942.006 Y=1231.714 Z=-4.119), Max=(X=1006.006 Y=1295.714 Z=59.881) RuntimeGrid:None EditorOnly:0 RuntimeOnly:0 HLODRelevant:0
 |   |   |- Guid:4B71F93D48F488E27A0FBD9E628A6145 BaseClass: NativeClass:/Script/Engine.StaticMeshActor Name:StaticMeshActor_UAID_D45D64B670AFB1AC01_1539209943 Label:Coin SpatiallyLoaded:1 Bounds:IsValid=true, Min=(X=940.000 Y=1890.000 Z=0.000), Max=(X=940.000 Y=1890.000 Z=0.000) RuntimeGrid:None EditorOnly:0 RuntimeOnly:0 HLODRelevant:0
 |   |   |- Guid:4D3BE93F4146AAAC8BBE79999D96D57F BaseClass: NativeClass:/Script/Engine.VolumetricCloud Name:VolumetricCloud_0 Label:VolumetricCloud SpatiallyLoaded:0 Bounds:IsValid=true, Min=(X=0.000 Y=0.000 Z=820.000), Max=(X=0.000 Y=0.000 Z=820.000) RuntimeGrid:None EditorOnly:0 RuntimeOnly:0 HLODRelevant:0 FolderPath:Lighting FolderGuid:963EC3EB4002CCE9759E2EBA541A873A
 |   |   |- Guid:55D5B7FC473B510F9DE180BC2F477575 BaseClass:/Game/Blueprints/BP_Spikes.BP_Spikes_C NativeClass:/Script/Engine.Actor Name:BP_Spikes_C_UAID_D45D64B670AFEDAD01_1489310573 Label:BP_Spikes6 SpatiallyLoaded:1 Bounds:IsValid=true, Min=(X=1908.289 Y=2584.557 Z=319.545), Max=(X=2026.924 Y=2713.093 Z=419.185) RuntimeGrid:None EditorOnly:0 RuntimeOnly:0 HLODRelevant:0
 |   |   |- Guid:56E36D244BB34D173749539D7DDFC057 BaseClass: NativeClass:/Script/Engine.StaticMeshActor Name:StaticMeshActor_UAID_D45D64B670AFECAD01_1998559384 Label:SM_Cube14 SpatiallyLoaded:1 Bounds:IsValid=true, Min=(X=1261.465 Y=956.771 Z=-0.000), Max=(X=1461.465 Y=1706.771 Z=100.000) RuntimeGrid:None EditorOnly:0 RuntimeOnly:0 HLODRelevant:1 FolderPath:Block01 FolderGuid:7D23E5AE4C2A421F86AF6986D87E6D05
 |   |   |- Guid:5752929E4DF28D39E5A2E78F60D043DA BaseClass: NativeClass:/Script/Engine.StaticMeshActor Name:StaticMeshActor_UAID_D45D64B670AFEDAD01_1317440570 Label:SM_Cube18 SpatiallyLoaded:1 Bounds:IsValid=true, Min=(X=1727.235 Y=2580.502 Z=124.139), Max=(X=2029.394 Y=2881.945 Z=325.257) RuntimeGrid:None EditorOnly:0 RuntimeOnly:0 HLODRelevant:1 FolderPath:Block03 FolderGuid:7B7009C345D3D6DD94D3429E1D79C034
 |   |   |- Guid:59CE89D047C75FBE41189BA8ABD2CA2A BaseClass: NativeClass:/Script/Engine.StaticMeshActor Name:StaticMeshActor_18 Label:SM_QuarterCylinder SpatiallyLoaded:1 Bounds:IsValid=true, Min=(X=2500.000 Y=2800.000 Z=0.000), Max=(X=2600.000 Y=2900.000 Z=200.000) RuntimeGrid:None EditorOnly:0 RuntimeOnly:0 HLODRelevant:1 FolderPath:Block02 FolderGuid:EBA23F8248252949750E43911A3A1CDD
 |   |   |- Guid:5B97F4A64FB21F77EFC44386BF705B4C BaseClass: NativeClass:/Script/Engine.TextRenderActor Name:TextRenderActor_1 Label:TextRenderActor SpatiallyLoaded:1 Bounds:IsValid=true, Min=(X=-0.100 Y=1100.000 Z=65.013), Max=(X=-0.100 Y=2392.308 Z=215.013) RuntimeGrid:None EditorOnly:0 RuntimeOnly:0 HLODRelevant:0
 |   |   |- Guid:5E4DB4154690C8B4EB14EAA9E92FAAFF BaseClass: NativeClass:/Script/Engine.StaticMeshActor Name:StaticMeshActor_33 Label:SM_QuarterCylinder12 SpatiallyLoaded:1 Bounds:IsValid=true, Min=(X=2383.890 Y=2281.872 Z=0.000), Max=(X=2583.890 Y=2481.872 Z=100.000) RuntimeGrid:None EditorOnly:0 RuntimeOnly:0 HLODRelevant:1 FolderPath:Cylinder FolderGuid:D075E5BA49330D3EC2503D81A7CF88D1
 |   |   |- Guid:618BA101439F0921FDFDD8B810F41383 BaseClass:/Game/Blueprints/BP_Spikes.BP_Spikes_C NativeClass:/Script/Engine.Actor Name:BP_Spikes_C_UAID_D45D64B670AFB7AC01_1423436010 Label:BP_Spikes2 SpatiallyLoaded:1 Bounds:IsValid=true, Min=(X=1303.046 Y=1095.823 Z=96.353), Max=(X=1421.681 Y=1224.360 Z=195.994) RuntimeGrid:None EditorOnly:0 RuntimeOnly:0 HLODRelevant:0
 |   |   |- Guid:68D4E9B541053A33B415CA931A5DAF3A BaseClass: NativeClass:/Script/Engine.SkeletalMeshActor Name:SkeletalMeshActor_UAID_D45D64B670AFB6AC01_1406531832 Label:Spike-trap SpatiallyLoaded:1 Bounds:IsValid=true, Min=(X=509.548 Y=1434.721 Z=127.498), Max=(X=509.548 Y=1434.721 Z=127.498) RuntimeGrid:None EditorOnly:0 RuntimeOnly:0 HLODRelevant:0
 |   |   |- Guid:6959FC8F4E392BC41C0B33981DF92421 BaseClass: NativeClass:/Script/Engine.StaticMeshActor Name:StaticMeshActor_UAID_D45D64B670AFEDAD01_1107990565 Label:SM_Ramp5 SpatiallyLoaded:1 Bounds:IsValid=true, Min=(X=1774.914 Y=2181.885 Z=200.015), Max=(X=1974.914 Y=2581.885 Z=325.015) RuntimeGrid:None EditorOnly:0 RuntimeOnly:0 HLODRelevant:1 FolderPath:Block01 FolderGuid:7D23E5AE4C2A421F86AF6986D87E6D05
 |   |   |- Guid:6BAF4DDD444C60371492D3919DB42C97 BaseClass: NativeClass:/Script/Engine.WorldDataLayers Name:WorldDataLayers Label:WorldDataLayers SpatiallyLoaded:0 Bounds:IsValid=true, Min=(X=0.000 Y=0.000 Z=0.000), Max=(X=0.000 Y=0.000 Z=0.000) RuntimeGrid:None EditorOnly:0 RuntimeOnly:0 HLODRelevant:0
 |   |   |- Guid:7290764C461D3AABA2E38DB952225558 BaseClass:/Game/Blueprints/BP_Spikes.BP_Spikes_C NativeClass:/Script/Engine.Actor Name:BP_Spikes_C_UAID_D45D64B670AFB7AC01_1426549011 Label:BP_Spikes3 SpatiallyLoaded:1 Bounds:IsValid=true, Min=(X=1165.906 Y=2443.227 Z=-4.805), Max=(X=1284.542 Y=2571.764 Z=94.835) RuntimeGrid:None EditorOnly:0 RuntimeOnly:0 HLODRelevant:0
 |   |   |- Guid:745A095B4BA4E157E4537FA63F5B7B43 BaseClass: NativeClass:/Script/Engine.StaticMeshActor Name:StaticMeshActor_2 Label:SM_ChamferCube SpatiallyLoaded:1 Bounds:IsValid=true, Min=(X=663.831 Y=2000.000 Z=0.013), Max=(X=763.831 Y=2100.000 Z=100.013) RuntimeGrid:None EditorOnly:0 RuntimeOnly:0 HLODRelevant:0
 |   |   |- Guid:7587444F4FB13B9B9CD114BBE7885340 BaseClass: NativeClass:/Script/Engine.StaticMeshActor Name:StaticMeshActor_19 Label:SM_QuarterCylinder2 SpatiallyLoaded:1 Bounds:IsValid=true, Min=(X=2500.000 Y=2600.000 Z=0.000), Max=(X=2600.000 Y=2700.000 Z=200.000) RuntimeGrid:None EditorOnly:0 RuntimeOnly:0 HLODRelevant:1 FolderPath:Block02 FolderGuid:EBA23F8248252949750E43911A3A1CDD
 |   |   |- Guid:79C9B0C246824948C2428ABA13657451 BaseClass: NativeClass:/Script/Engine.StaticMeshActor Name:StaticMeshActor_25 Label:SM_QuarterCylinder6 SpatiallyLoaded:1 Bounds:IsValid=true, Min=(X=2011.934 Y=1912.090 Z=-0.000), Max=(X=2111.934 Y=2012.091 Z=200.000) RuntimeGrid:None EditorOnly:0 RuntimeOnly:0 HLODRelevant:1 FolderPath:Block01 FolderGuid:7D23E5AE4C2A421F86AF6986D87E6D05
 |   |   |- Guid:79D590CD4649560BB62F56906C68E9A7 BaseClass: NativeClass:/Script/Engine.StaticMeshActor Name:StaticMeshActor_UAID_D45D64B670AFEDAD01_1334255571 Label:SM_Cube19 SpatiallyLoaded:1 Bounds:IsValid=true, Min=(X=1727.235 Y=2580.502 Z=323.107), Max=(X=1779.399 Y=2880.753 Z=523.307) RuntimeGrid:None EditorOnly:0 RuntimeOnly:0 HLODRelevant:1 FolderPath:Block03 FolderGuid:7B7009C345D3D6DD94D3429E1D79C034
 |   |   |- Guid:86AF5A674DA858313BE6319A333AAF5B BaseClass: NativeClass:/Script/Engine.StaticMeshActor Name:StaticMeshActor_UAID_D45D64B670AFECAD01_2070811388 Label:SM_Cube16 SpatiallyLoaded:1 Bounds:IsValid=true, Min=(X=1261.465 Y=1607.048 Z=100.000), Max=(X=1461.465 Y=1707.048 Z=200.000) RuntimeGrid:None EditorOnly:0 RuntimeOnly:0 HLODRelevant:1 FolderPath:Block01 FolderGuid:7D23E5AE4C2A421F86AF6986D87E6D05
 |   |   |- Guid:89661C8F4C207D416054D8B04D041076 BaseClass:/Game/Blueprints/BP_Live.BP_Live_C NativeClass:/Script/Engine.Actor Name:BP_Live_C_UAID_D45D64B670AF91AD01_1371790367 Label:BP_Live2 SpatiallyLoaded:1 Bounds:IsValid=true, Min=(X=942.006 Y=1346.413 Z=-4.119), Max=(X=1006.006 Y=1410.413 Z=59.881) RuntimeGrid:None EditorOnly:0 RuntimeOnly:0 HLODRelevant:0
 |   |   |- Guid:8AD1997D46385692ED631D8FAD5D32C5 BaseClass:/Game/Blueprints/BP_Spikes.BP_Spikes_C NativeClass:/Script/Engine.Actor Name:BP_Spikes_C_UAID_D45D64B670AFEDAD01_1513635576 Label:BP_Spikes9 SpatiallyLoaded:1 Bounds:IsValid=true, Min=(X=1730.057 Y=2710.084 Z=319.545), Max=(X=1848.693 Y=2838.620 Z=419.185) RuntimeGrid:None EditorOnly:0 RuntimeOnly:0 HLODRelevant:0
 |   |   |- Guid:90C689DB46D56A852DED76B2D9CD08D9 BaseClass:/Game/Blueprints/CollectableCoins.CollectableCoins_C NativeClass:/Script/Engine.Actor Name:CollectableCoins_C_UAID_D45D64B670AFB4AC01_1226308477 Label:CollectableCoins4 SpatiallyLoaded:1 Bounds:IsValid=true, Min=(X=865.258 Y=1725.840 Z=14.512), Max=(X=929.258 Y=1789.840 Z=78.512) RuntimeGrid:None EditorOnly:0 RuntimeOnly:0 HLODRelevant:0
 |   |   |- Guid:94F6D9A645798F5BAD0B58BEED8F27F5 BaseClass: NativeClass:/Script/Engine.StaticMeshActor Name:StaticMeshActor_32 Label:SM_QuarterCylinder11 SpatiallyLoaded:1 Bounds:IsValid=true, Min=(X=2583.890 Y=2281.872 Z=0.000), Max=(X=2783.890 Y=2481.872 Z=100.000) RuntimeGrid:None EditorOnly:0 RuntimeOnly:0 HLODRelevant:1 FolderPath:Cylinder FolderGuid:D075E5BA49330D3EC2503D81A7CF88D1
 |   |   |- Guid:961864A84FF6F65B68F2A3BE5819D538 BaseClass: NativeClass:/Script/Engine.StaticMeshActor Name:StaticMeshActor_8 Label:SM_Cube4 SpatiallyLoaded:1 Bounds:IsValid=true, Min=(X=2011.934 Y=1412.091 Z=-0.000), Max=(X=2611.934 Y=1912.091 Z=200.000) RuntimeGrid:None EditorOnly:0 RuntimeOnly:0 HLODRelevant:1 FolderPath:Block01 FolderGuid:7D23E5AE4C2A421F86AF6986D87E6D05
 |   |   |- Guid:9765ECF54858C165188C95B28D88016B BaseClass: NativeClass:/Script/Engine.StaticMeshActor Name:StaticMeshActor_12 Label:SM_Cube8 SpatiallyLoaded:1 Bounds:IsValid=true, Min=(X=785.568 Y=2082.665 Z=0.000), Max=(X=1985.568 Y=2382.665 Z=200.000) RuntimeGrid:None EditorOnly:0 RuntimeOnly:0 HLODRelevant:1 FolderPath:Block02 FolderGuid:EBA23F8248252949750E43911A3A1CDD
 |   |   |- Guid:976E5A6B4D3C43B5A8E679A7DD56E5C1 BaseClass:/Game/Blueprints/CollectableCoins.CollectableCoins_C NativeClass:/Script/Engine.Actor Name:CollectableCoins_C_UAID_D45D64B670AFB2AC01_1558086122 Label:CollectableCoins SpatiallyLoaded:1 Bounds:IsValid=true, Min=(X=865.258 Y=1386.742 Z=14.512), Max=(X=929.258 Y=1450.742 Z=78.512) RuntimeGrid:None EditorOnly:0 RuntimeOnly:0 HLODRelevant:0
 |   |   |- Guid:98A2231A4C1CA02931F55786B5567721 BaseClass:/Game/Blueprints/BP_Spikes.BP_Spikes_C NativeClass:/Script/Engine.Actor Name:BP_Spikes_C_UAID_D45D64B670AFEDAD01_1513633575 Label:BP_Spikes8 SpatiallyLoaded:1 Bounds:IsValid=true, Min=(X=1908.289 Y=2710.084 Z=319.545), Max=(X=2026.924 Y=2838.620 Z=419.185) RuntimeGrid:None EditorOnly:0 RuntimeOnly:0 HLODRelevant:0
 |   |   |- Guid:9BFF363746062F457E2F92A4631DBA20 BaseClass: NativeClass:/Script/Engine.StaticMeshActor Name:StaticMeshActor_11 Label:SM_ChamferCube3 SpatiallyLoaded:1 Bounds:IsValid=true, Min=(X=481.699 Y=2271.699 Z=0.013), Max=(X=618.301 Y=2408.301 Z=100.013) RuntimeGrid:None EditorOnly:0 RuntimeOnly:0 HLODRelevant:0
 |   |   |- Guid:A56216954B2165CF0F35A886B537D536 BaseClass: NativeClass:/Script/Engine.StaticMeshActor Name:StaticMeshActor_0 Label:SM_Cube5 SpatiallyLoaded:1 Bounds:IsValid=true, Min=(X=-0.000 Y=100.000 Z=0.000), Max=(X=100.000 Y=3400.000 Z=400.000) RuntimeGrid:None EditorOnly:0 RuntimeOnly:0 HLODRelevant:1 FolderPath:Playground FolderGuid:C73F09FC4215536B1DCE2A9E0A830C70
 |   |   |- Guid:A62952F6486B83D6359E3B985F006FC2 BaseClass:/Game/Blueprints/BP_Checkpoint.BP_Checkpoint_C NativeClass:/Script/Engine.Actor Name:BP_Checkpoint_C_UAID_D45D64B670AFBAAC01_1324247540 Label:BP_Checkpoint SpatiallyLoaded:1 Bounds:IsValid=true, Min=(X=1257.652 Y=791.210 Z=114.679), Max=(X=1643.338 Y=1031.210 Z=354.679) RuntimeGrid:None EditorOnly:0 RuntimeOnly:0 HLODRelevant:0
 |   |   |- Guid:AB74120142217676C6EC818E6B49412B BaseClass: NativeClass:/Script/Engine.StaticMeshActor Name:StaticMeshActor_15 Label:SM_Cube10 SpatiallyLoaded:1 Bounds:IsValid=true, Min=(X=1261.465 Y=860.630 Z=100.000), Max=(X=1461.465 Y=960.630 Z=200.000) RuntimeGrid:None EditorOnly:0 RuntimeOnly:0 HLODRelevant:1 FolderPath:Block01 FolderGuid:7D23E5AE4C2A421F86AF6986D87E6D05
 |   |   |- Guid:B603111A4E8D4EA3B8B7D8AF64EB79A8 BaseClass: NativeClass:/Script/Engine.StaticMeshActor Name:StaticMeshActor_UAID_D45D64B670AFEDAD01_1317436567 Label:SM_Cube17 SpatiallyLoaded:1 Bounds:IsValid=true, Min=(X=1826.756 Y=2880.975 Z=124.500), Max=(X=1928.332 Y=2981.475 Z=424.871) RuntimeGrid:None EditorOnly:0 RuntimeOnly:0 HLODRelevant:1 FolderPath:Block03 FolderGuid:7B7009C345D3D6DD94D3429E1D79C034
 |   |   |- Guid:B785ED2844B84CFB91E7F39FE661CD99 BaseClass: NativeClass:/Script/Engine.DirectionalLight Name:DirectionalLight_0 Label:DirectionalLight SpatiallyLoaded:0 Bounds:IsValid=true, Min=(X=-1048576.000 Y=-1048576.000 Z=-1048576.000), Max=(X=1048576.000 Y=1048576.000 Z=1048576.000) RuntimeGrid:None EditorOnly:0 RuntimeOnly:0 HLODRelevant:0 FolderPath:Lighting FolderGuid:963EC3EB4002CCE9759E2EBA541A873A
 |   |   |- Guid:B986C64B4387B00CCABF05AC9DB18A15 BaseClass:/Game/Blueprints/BP_Live.BP_Live_C NativeClass:/Script/Engine.Actor Name:BP_Live_C_UAID_D45D64B670AF91AD01_1374237368 Label:BP_Live3 SpatiallyLoaded:1 Bounds:IsValid=true, Min=(X=1068.623 Y=1346.413 Z=-4.119), Max=(X=1132.623 Y=1410.413 Z=59.881) RuntimeGrid:None EditorOnly:0 RuntimeOnly:0 HLODRelevant:0
 |   |   |- Guid:BC08B79C4EA3C961CFF75EBBE83B367D BaseClass: NativeClass:/Script/Engine.StaticMeshActor Name:StaticMeshActor_5 Label:SM_Cube2 SpatiallyLoaded:1 Bounds:IsValid=true, Min=(X=0.000 Y=0.000 Z=0.000), Max=(X=3000.000 Y=100.000 Z=400.000) RuntimeGrid:None EditorOnly:0 RuntimeOnly:0 HLODRelevant:1 FolderPath:Playground FolderGuid:C73F09FC4215536B1DCE2A9E0A830C70
 |   |   |- Guid:C15C2C8D4EA4ADE0BD1349AFD814988B BaseClass: NativeClass:/Script/Engine.StaticMeshActor Name:StaticMeshActor_14 Label:SM_Ramp3 SpatiallyLoaded:1 Bounds:IsValid=true, Min=(X=1261.465 Y=460.630 Z=100.000), Max=(X=1461.465 Y=860.630 Z=200.000) RuntimeGrid:None EditorOnly:0 RuntimeOnly:0 HLODRelevant:1 FolderPath:Block01 FolderGuid:7D23E5AE4C2A421F86AF6986D87E6D05
 |   |   |- Guid:C73D23D648B5DB93A28A46A55C7E54F5 BaseClass: NativeClass:/Script/Engine.StaticMeshActor Name:StaticMeshActor_UAID_D45D64B670AFEDAD01_1350654572 Label:SM_Cube20 SpatiallyLoaded:1 Bounds:IsValid=true, Min=(X=1976.977 Y=2580.502 Z=323.107), Max=(X=2029.141 Y=2880.753 Z=523.307) RuntimeGrid:None EditorOnly:0 RuntimeOnly:0 HLODRelevant:1 FolderPath:Block03 FolderGuid:7B7009C345D3D6DD94D3429E1D79C034
 |   |   |- Guid:CCFF262C46EEFFDF319E7F9539CE697E BaseClass: NativeClass:/Script/Engine.SkyAtmosphere Name:SkyAtmosphere_0 Label:SkyAtmosphere SpatiallyLoaded:0 Bounds:IsValid=true, Min=(X=0.000 Y=0.000 Z=1020.000), Max=(X=0.000 Y=0.000 Z=1020.000) RuntimeGrid:None EditorOnly:0 RuntimeOnly:0 HLODRelevant:0 FolderPath:Lighting FolderGuid:963EC3EB4002CCE9759E2EBA541A873A
 |   |   |- Guid:D6FCB3424B9FABE5B3413DB0080B3E72 BaseClass:/Game/Blueprints/BP_Live.BP_Live_C NativeClass:/Script/Engine.Actor Name:BP_Live_C_UAID_D45D64B670AF91AD01_1376150369 Label:BP_Live4 SpatiallyLoaded:1 Bounds:IsValid=true, Min=(X=1068.623 Y=1239.910 Z=-4.119), Max=(X=1132.623 Y=1303.910 Z=59.881) RuntimeGrid:None EditorOnly:0 RuntimeOnly:0 HLODRelevant:0
 |   |   |- Guid:D919B2C64D1F1B5CB7A3DDBE448D258D BaseClass:/Game/Blueprints/BP_Spikes.BP_Spikes_C NativeClass:/Script/Engine.Actor Name:BP_Spikes_C_UAID_D45D64B670AFECAD01_2070808386 Label:BP_Spikes4 SpatiallyLoaded:1 Bounds:IsValid=true, Min=(X=1303.046 Y=1335.808 Z=96.353), Max=(X=1421.681 Y=1464.344 Z=195.994) RuntimeGrid:None EditorOnly:0 RuntimeOnly:0 HLODRelevant:0
 |   |   |- Guid:DBC730174A7F51D9E14433AEF0C30A39 BaseClass: NativeClass:/Script/Engine.StaticMeshActor Name:StaticMeshActor_24 Label:SM_Cube13 SpatiallyLoaded:1 Bounds:IsValid=true, Min=(X=841.850 Y=2880.975 Z=124.500), Max=(X=943.059 Y=2981.467 Z=324.872) RuntimeGrid:None EditorOnly:0 RuntimeOnly:0 HLODRelevant:1 FolderPath:Block03 FolderGuid:7B7009C345D3D6DD94D3429E1D79C034
 |   |   |- Guid:DE1213574F0DA296E5BF36B2457364B8 BaseClass:/Game/Blueprints/CollectableCoins.CollectableCoins_C NativeClass:/Script/Engine.Actor Name:CollectableCoins_C_UAID_D45D64B670AFB4AC01_1224494476 Label:CollectableCoins3 SpatiallyLoaded:1 Bounds:IsValid=true, Min=(X=865.258 Y=1616.016 Z=14.512), Max=(X=929.258 Y=1680.016 Z=78.512) RuntimeGrid:None EditorOnly:0 RuntimeOnly:0 HLODRelevant:0
 |   |   |- Guid:DE3A079B4635A6D8D620CCBC6C0BB1C0 BaseClass: NativeClass:/Script/Engine.StaticMeshActor Name:StaticMeshActor_35 Label:SM_QuarterCylinder14 SpatiallyLoaded:1 Bounds:IsValid=true, Min=(X=2583.890 Y=2081.872 Z=0.000), Max=(X=2783.890 Y=2281.872 Z=100.000) RuntimeGrid:None EditorOnly:0 RuntimeOnly:0 HLODRelevant:1 FolderPath:Cylinder FolderGuid:D075E5BA49330D3EC2503D81A7CF88D1
 |   |   |- Guid:E47D4B4742A08DD8BAD082A723FBF330 BaseClass: NativeClass:/Script/Engine.StaticMeshActor Name:StaticMeshActor_UAID_D45D64B670AFEDAD01_1183580566 Label:SM_Ramp6 SpatiallyLoaded:1 Bounds:IsValid=true, Min=(X=786.554 Y=2181.885 Z=200.015), Max=(X=986.554 Y=2581.885 Z=325.015) RuntimeGrid:None EditorOnly:0 RuntimeOnly:0 HLODRelevant:1 FolderPath:Block01 FolderGuid:7D23E5AE4C2A421F86AF6986D87E6D05
 |   |   |- Guid:E73E39994140315EB81324BF0A5D6400 BaseClass: NativeClass:/Script/Engine.StaticMeshActor Name:StaticMeshActor_10 Label:SM_ChamferCube2 SpatiallyLoaded:1 Bounds:IsValid=true, Min=(X=992.077 Y=2692.077 Z=0.013), Max=(X=1107.923 Y=2807.923 Z=100.013) RuntimeGrid:None EditorOnly:0 RuntimeOnly:0 HLODRelevant:0
 |   |   |- Guid:E864EE5542C27D6674BEBB9312F02BB4 BaseClass: NativeClass:/Script/Engine.StaticMeshActor Name:StaticMeshActor_23 Label:SM_QuarterCylinder5 SpatiallyLoaded:1 Bounds:IsValid=true, Min=(X=941.849 Y=2881.452 Z=124.133), Max=(X=1043.057 Y=2981.944 Z=324.505) RuntimeGrid:None EditorOnly:0 RuntimeOnly:0 HLODRelevant:1 FolderPath:Block03 FolderGuid:7B7009C345D3D6DD94D3429E1D79C034
 |   |   |- Guid:EC4E0C944CE6AC6E784BC6BB2916EA13 BaseClass: NativeClass:/Script/Engine.StaticMeshActor Name:StaticMeshActor_UAID_A4AE111137DC5EFB00_1110535423 Label:SM_SkySphere SpatiallyLoaded:0 Bounds:IsValid=true, Min=(X=-1638400.000 Y=-1638400.000 Z=-1638400.000), Max=(X=1638400.000 Y=1638400.000 Z=1638400.000) RuntimeGrid:None EditorOnly:0 RuntimeOnly:0 HLODRelevant:1 FolderPath:Lighting FolderGuid:963EC3EB4002CCE9759E2EBA541A873A
 |   |   |- Guid:ED80D8794D7F5207F5C7BDB45C47A4F2 BaseClass: NativeClass:/Script/Engine.StaticMeshActor Name:StaticMeshActor_UAID_D45D64B670AFEDAD01_1317438569 Label:SM_QuarterCylinder8 SpatiallyLoaded:1 Bounds:IsValid=true, Min=(X=1926.754 Y=2881.452 Z=124.133), Max=(X=2027.963 Y=2981.944 Z=324.505) RuntimeGrid:None EditorOnly:0 RuntimeOnly:0 HLODRelevant:1 FolderPath:Block03 FolderGuid:7B7009C345D3D6DD94D3429E1D79C034
 |   |   |- Guid:EDAA34A64E50B17535C2EB826C12557D BaseClass: NativeClass:/Script/Engine.StaticMeshActor Name:StaticMeshActor_9 Label:SM_Ramp2 SpatiallyLoaded:1 Bounds:IsValid=true, Min=(X=861.465 Y=260.630 Z=-0.000), Max=(X=1261.465 Y=460.630 Z=100.000) RuntimeGrid:None EditorOnly:0 RuntimeOnly:0 HLODRelevant:1 FolderPath:Block01 FolderGuid:7D23E5AE4C2A421F86AF6986D87E6D05
 |   |   |- Guid:F0059B364B292B745B089186E5EFB68B BaseClass:/Game/Blueprints/CollectableCoins.CollectableCoins_C NativeClass:/Script/Engine.Actor Name:CollectableCoins_C_UAID_D45D64B670AFB4AC01_1221903475 Label:CollectableCoins2 SpatiallyLoaded:1 Bounds:IsValid=true, Min=(X=865.258 Y=1510.562 Z=14.512), Max=(X=929.258 Y=1574.562 Z=78.512) RuntimeGrid:None EditorOnly:0 RuntimeOnly:0 HLODRelevant:0
 |   |   |- Guid:F1924B8D48954B30891B2DB6A694F9CC BaseClass: NativeClass:/Script/Engine.StaticMeshActor Name:StaticMeshActor_1 Label:SM_Cube SpatiallyLoaded:1 Bounds:IsValid=true, Min=(X=0.000 Y=0.000 Z=-50.000), Max=(X=3000.000 Y=3500.000 Z=0.000) RuntimeGrid:None EditorOnly:0 RuntimeOnly:0 HLODRelevant:1 FolderPath:Playground FolderGuid:C73F09FC4215536B1DCE2A9E0A830C70
 |   |   |- Guid:F4AAA1CA4D204EB96E54F5BD1EB46A62 BaseClass: NativeClass:/Script/Engine.StaticMeshActor Name:StaticMeshActor_7 Label:SM_Cube7 SpatiallyLoaded:1 Bounds:IsValid=true, Min=(X=2111.934 Y=1912.091 Z=-0.000), Max=(X=2311.934 Y=2012.091 Z=200.000) RuntimeGrid:None EditorOnly:0 RuntimeOnly:0 HLODRelevant:1 FolderPath:Block01 FolderGuid:7D23E5AE4C2A421F86AF6986D87E6D05
 |   |   |- Guid:F5E3FEB3450C49844FD93DA8E083C8AD BaseClass: NativeClass:/Script/Engine.PostProcessVolume Name:PostProcessVolume_0 Label:PostProcessVolume SpatiallyLoaded:0 Bounds:IsValid=true, Min=(X=0.000 Y=0.000 Z=400.000), Max=(X=200.000 Y=200.000 Z=600.000) RuntimeGrid:None EditorOnly:0 RuntimeOnly:0 HLODRelevant:0 FolderPath:Lighting FolderGuid:963EC3EB4002CCE9759E2EBA541A873A
 |   |   |- Guid:F703AD214DE20FBE9DA411817BF79E0A BaseClass: NativeClass:/Script/Engine.StaticMeshActor Name:StaticMeshActor_21 Label:SM_QuarterCylinder3 SpatiallyLoaded:1 Bounds:IsValid=true, Min=(X=2311.934 Y=1912.091 Z=-0.000), Max=(X=2411.934 Y=2012.090 Z=200.000) RuntimeGrid:None EditorOnly:0 RuntimeOnly:0 HLODRelevant:1 FolderPath:Block01 FolderGuid:7D23E5AE4C2A421F86AF6986D87E6D05
 |   |   |- Guid:FABA86D54197299222CA6F8318C46F55 BaseClass:/Game/Blueprints/BP_Spikes.BP_Spikes_C NativeClass:/Script/Engine.Actor Name:BP_Spikes_C_UAID_D45D64B670AFEDAD01_1500240574 Label:BP_Spikes7 SpatiallyLoaded:1 Bounds:IsValid=true, Min=(X=1730.057 Y=2584.557 Z=319.545), Max=(X=1848.693 Y=2713.093 Z=419.185) RuntimeGrid:None EditorOnly:0 RuntimeOnly:0 HLODRelevant:0
 |   |   |- Guid:FF698C67459ADB4982D7759C0905EE9F BaseClass: NativeClass:/Script/Engine.StaticMeshActor Name:StaticMeshActor_6 Label:SM_Cube3 SpatiallyLoaded:1 Bounds:IsValid=true, Min=(X=0.000 Y=3400.000 Z=0.000), Max=(X=3000.000 Y=3500.000 Z=400.000) RuntimeGrid:None EditorOnly:0 RuntimeOnly:0 HLODRelevant:1 FolderPath:Playground FolderGuid:C73F09FC4215536B1DCE2A9E0A830C70
 |   |- [+] Clusters:
 |   |   |- [+] [  0]
 |   |   |   |- Guid:6BAF4DDD444C60371492D3919DB42C97 BaseClass: NativeClass:/Script/Engine.WorldDataLayers Name:WorldDataLayers Label:WorldDataLayers SpatiallyLoaded:0 Bounds:IsValid=true, Min=(X=0.000 Y=0.000 Z=0.000), Max=(X=0.000 Y=0.000 Z=0.000) RuntimeGrid:None EditorOnly:0 RuntimeOnly:0 HLODRelevant:0
 |   |   |- [+] [  1]
 |   |   |   |- Guid:59CE89D047C75FBE41189BA8ABD2CA2A BaseClass: NativeClass:/Script/Engine.StaticMeshActor Name:StaticMeshActor_18 Label:SM_QuarterCylinder SpatiallyLoaded:1 Bounds:IsValid=true, Min=(X=2500.000 Y=2800.000 Z=0.000), Max=(X=2600.000 Y=2900.000 Z=200.000) RuntimeGrid:None EditorOnly:0 RuntimeOnly:0 HLODRelevant:1 FolderPath:Block02 FolderGuid:EBA23F8248252949750E43911A3A1CDD
 |   |   |- [+] [  2]
 |   |   |   |- Guid:472BEE8F42E2FCC25B43C39EEBD87F01 BaseClass:/Game/Blueprints/BP_Live.BP_Live_C NativeClass:/Script/Engine.Actor Name:BP_Live_C_UAID_D45D64B670AF0EAD01_1753067314 Label:BP_Live SpatiallyLoaded:1 Bounds:IsValid=true, Min=(X=942.006 Y=1231.714 Z=-4.119), Max=(X=1006.006 Y=1295.714 Z=59.881) RuntimeGrid:None EditorOnly:0 RuntimeOnly:0 HLODRelevant:0
 |   |   |- [+] [  3]
 |   |   |   |- Guid:F5E3FEB3450C49844FD93DA8E083C8AD BaseClass: NativeClass:/Script/Engine.PostProcessVolume Name:PostProcessVolume_0 Label:PostProcessVolume SpatiallyLoaded:0 Bounds:IsValid=true, Min=(X=0.000 Y=0.000 Z=400.000), Max=(X=200.000 Y=200.000 Z=600.000) RuntimeGrid:None EditorOnly:0 RuntimeOnly:0 HLODRelevant:0 FolderPath:Lighting FolderGuid:963EC3EB4002CCE9759E2EBA541A873A
 |   |   |- [+] [  4]
 |   |   |   |- Guid:E73E39994140315EB81324BF0A5D6400 BaseClass: NativeClass:/Script/Engine.StaticMeshActor Name:StaticMeshActor_10 Label:SM_ChamferCube2 SpatiallyLoaded:1 Bounds:IsValid=true, Min=(X=992.077 Y=2692.077 Z=0.013), Max=(X=1107.923 Y=2807.923 Z=100.013) RuntimeGrid:None EditorOnly:0 RuntimeOnly:0 HLODRelevant:0
 |   |   |- [+] [  5]
 |   |   |   |- Guid:5B97F4A64FB21F77EFC44386BF705B4C BaseClass: NativeClass:/Script/Engine.TextRenderActor Name:TextRenderActor_1 Label:TextRenderActor SpatiallyLoaded:1 Bounds:IsValid=true, Min=(X=-0.100 Y=1100.000 Z=65.013), Max=(X=-0.100 Y=2392.308 Z=215.013) RuntimeGrid:None EditorOnly:0 RuntimeOnly:0 HLODRelevant:0
 |   |   |- [+] [  6]
 |   |   |   |- Guid:B986C64B4387B00CCABF05AC9DB18A15 BaseClass:/Game/Blueprints/BP_Live.BP_Live_C NativeClass:/Script/Engine.Actor Name:BP_Live_C_UAID_D45D64B670AF91AD01_1374237368 Label:BP_Live3 SpatiallyLoaded:1 Bounds:IsValid=true, Min=(X=1068.623 Y=1346.413 Z=-4.119), Max=(X=1132.623 Y=1410.413 Z=59.881) RuntimeGrid:None EditorOnly:0 RuntimeOnly:0 HLODRelevant:0
 |   |   |- [+] [  7]
 |   |   |   |- Guid:7290764C461D3AABA2E38DB952225558 BaseClass:/Game/Blueprints/BP_Spikes.BP_Spikes_C NativeClass:/Script/Engine.Actor Name:BP_Spikes_C_UAID_D45D64B670AFB7AC01_1426549011 Label:BP_Spikes3 SpatiallyLoaded:1 Bounds:IsValid=true, Min=(X=1165.906 Y=2443.227 Z=-4.805), Max=(X=1284.542 Y=2571.764 Z=94.835) RuntimeGrid:None EditorOnly:0 RuntimeOnly:0 HLODRelevant:0
 |   |   |- [+] [  8]
 |   |   |   |- Guid:2FA6BEF1489859A1A16BDDA3CFCE0D48 BaseClass:/Game/Blueprints/CollectableCoins.CollectableCoins_C NativeClass:/Script/Engine.Actor Name:CollectableCoins_C_UAID_D45D64B670AFB4AC01_1228442478 Label:CollectableCoins5 SpatiallyLoaded:1 Bounds:IsValid=true, Min=(X=865.258 Y=1812.775 Z=14.512), Max=(X=929.258 Y=1876.775 Z=78.512) RuntimeGrid:None EditorOnly:0 RuntimeOnly:0 HLODRelevant:0
 |   |   |- [+] [  9]
 |   |   |   |- Guid:03F83689458E96B2E71DB58A944A9B96 BaseClass:/Game/Blueprints/BP_Spikes.BP_Spikes_C NativeClass:/Script/Engine.Actor Name:BP_Spikes_C_UAID_D45D64B670AFB7AC01_1422042009 Label:BP_Spikes SpatiallyLoaded:1 Bounds:IsValid=true, Min=(X=1303.046 Y=964.719 Z=96.353), Max=(X=1421.681 Y=1093.255 Z=195.994) RuntimeGrid:None EditorOnly:0 RuntimeOnly:0 HLODRelevant:0
 |   |   |- [+] [ 10]
 |   |   |   |- Guid:4D3BE93F4146AAAC8BBE79999D96D57F BaseClass: NativeClass:/Script/Engine.VolumetricCloud Name:VolumetricCloud_0 Label:VolumetricCloud SpatiallyLoaded:0 Bounds:IsValid=true, Min=(X=0.000 Y=0.000 Z=820.000), Max=(X=0.000 Y=0.000 Z=820.000) RuntimeGrid:None EditorOnly:0 RuntimeOnly:0 HLODRelevant:0 FolderPath:Lighting FolderGuid:963EC3EB4002CCE9759E2EBA541A873A
 |   |   |- [+] [ 11]
 |   |   |   |- Guid:DBC730174A7F51D9E14433AEF0C30A39 BaseClass: NativeClass:/Script/Engine.StaticMeshActor Name:StaticMeshActor_24 Label:SM_Cube13 SpatiallyLoaded:1 Bounds:IsValid=true, Min=(X=841.850 Y=2880.975 Z=124.500), Max=(X=943.059 Y=2981.467 Z=324.872) RuntimeGrid:None EditorOnly:0 RuntimeOnly:0 HLODRelevant:1 FolderPath:Block03 FolderGuid:7B7009C345D3D6DD94D3429E1D79C034
 |   |   |- [+] [ 12]
 |   |   |   |- Guid:1A789DC8415097E9856E5DB60740F01D BaseClass: NativeClass:/Script/Engine.StaticMeshActor Name:StaticMeshActor_34 Label:SM_QuarterCylinder13 SpatiallyLoaded:1 Bounds:IsValid=true, Min=(X=2383.890 Y=2081.872 Z=0.000), Max=(X=2583.890 Y=2281.872 Z=100.000) RuntimeGrid:None EditorOnly:0 RuntimeOnly:0 HLODRelevant:1 FolderPath:Cylinder FolderGuid:D075E5BA49330D3EC2503D81A7CF88D1
 |   |   |- [+] [ 13]
 |   |   |   |- Guid:AB74120142217676C6EC818E6B49412B BaseClass: NativeClass:/Script/Engine.StaticMeshActor Name:StaticMeshActor_15 Label:SM_Cube10 SpatiallyLoaded:1 Bounds:IsValid=true, Min=(X=1261.465 Y=860.630 Z=100.000), Max=(X=1461.465 Y=960.630 Z=200.000) RuntimeGrid:None EditorOnly:0 RuntimeOnly:0 HLODRelevant:1 FolderPath:Block01 FolderGuid:7D23E5AE4C2A421F86AF6986D87E6D05
 |   |   |- [+] [ 14]
 |   |   |   |- Guid:68D4E9B541053A33B415CA931A5DAF3A BaseClass: NativeClass:/Script/Engine.SkeletalMeshActor Name:SkeletalMeshActor_UAID_D45D64B670AFB6AC01_1406531832 Label:Spike-trap SpatiallyLoaded:1 Bounds:IsValid=true, Min=(X=509.548 Y=1434.721 Z=127.498), Max=(X=509.548 Y=1434.721 Z=127.498) RuntimeGrid:None EditorOnly:0 RuntimeOnly:0 HLODRelevant:0
 |   |   |- [+] [ 15]
 |   |   |   |- Guid:CCFF262C46EEFFDF319E7F9539CE697E BaseClass: NativeClass:/Script/Engine.SkyAtmosphere Name:SkyAtmosphere_0 Label:SkyAtmosphere SpatiallyLoaded:0 Bounds:IsValid=true, Min=(X=0.000 Y=0.000 Z=1020.000), Max=(X=0.000 Y=0.000 Z=1020.000) RuntimeGrid:None EditorOnly:0 RuntimeOnly:0 HLODRelevant:0 FolderPath:Lighting FolderGuid:963EC3EB4002CCE9759E2EBA541A873A
 |   |   |- [+] [ 16]
 |   |   |   |- Guid:EC4E0C944CE6AC6E784BC6BB2916EA13 BaseClass: NativeClass:/Script/Engine.StaticMeshActor Name:StaticMeshActor_UAID_A4AE111137DC5EFB00_1110535423 Label:SM_SkySphere SpatiallyLoaded:0 Bounds:IsValid=true, Min=(X=-1638400.000 Y=-1638400.000 Z=-1638400.000), Max=(X=1638400.000 Y=1638400.000 Z=1638400.000) RuntimeGrid:None EditorOnly:0 RuntimeOnly:0 HLODRelevant:1 FolderPath:Lighting FolderGuid:963EC3EB4002CCE9759E2EBA541A873A
 |   |   |- [+] [ 17]
 |   |   |   |- Guid:976E5A6B4D3C43B5A8E679A7DD56E5C1 BaseClass:/Game/Blueprints/CollectableCoins.CollectableCoins_C NativeClass:/Script/Engine.Actor Name:CollectableCoins_C_UAID_D45D64B670AFB2AC01_1558086122 Label:CollectableCoins SpatiallyLoaded:1 Bounds:IsValid=true, Min=(X=865.258 Y=1386.742 Z=14.512), Max=(X=929.258 Y=1450.742 Z=78.512) RuntimeGrid:None EditorOnly:0 RuntimeOnly:0 HLODRelevant:0
 |   |   |- [+] [ 18]
 |   |   |   |- Guid:89661C8F4C207D416054D8B04D041076 BaseClass:/Game/Blueprints/BP_Live.BP_Live_C NativeClass:/Script/Engine.Actor Name:BP_Live_C_UAID_D45D64B670AF91AD01_1371790367 Label:BP_Live2 SpatiallyLoaded:1 Bounds:IsValid=true, Min=(X=942.006 Y=1346.413 Z=-4.119), Max=(X=1006.006 Y=1410.413 Z=59.881) RuntimeGrid:None EditorOnly:0 RuntimeOnly:0 HLODRelevant:0
 |   |   |- [+] [ 19]
 |   |   |   |- Guid:C15C2C8D4EA4ADE0BD1349AFD814988B BaseClass: NativeClass:/Script/Engine.StaticMeshActor Name:StaticMeshActor_14 Label:SM_Ramp3 SpatiallyLoaded:1 Bounds:IsValid=true, Min=(X=1261.465 Y=460.630 Z=100.000), Max=(X=1461.465 Y=860.630 Z=200.000) RuntimeGrid:None EditorOnly:0 RuntimeOnly:0 HLODRelevant:1 FolderPath:Block01 FolderGuid:7D23E5AE4C2A421F86AF6986D87E6D05
 |   |   |- [+] [ 20]
 |   |   |   |- Guid:9BFF363746062F457E2F92A4631DBA20 BaseClass: NativeClass:/Script/Engine.StaticMeshActor Name:StaticMeshActor_11 Label:SM_ChamferCube3 SpatiallyLoaded:1 Bounds:IsValid=true, Min=(X=481.699 Y=2271.699 Z=0.013), Max=(X=618.301 Y=2408.301 Z=100.013) RuntimeGrid:None EditorOnly:0 RuntimeOnly:0 HLODRelevant:0
 |   |   |- [+] [ 21]
 |   |   |   |- Guid:43815E84492231AFC407F59E3C28176B BaseClass: NativeClass:/Script/Engine.StaticMeshActor Name:StaticMeshActor_4 Label:SM_Cube6 SpatiallyLoaded:1 Bounds:IsValid=true, Min=(X=2900.000 Y=100.000 Z=0.000), Max=(X=3000.000 Y=3400.000 Z=400.000) RuntimeGrid:None EditorOnly:0 RuntimeOnly:0 HLODRelevant:1 FolderPath:Playground FolderGuid:C73F09FC4215536B1DCE2A9E0A830C70
 |   |   |- [+] [ 22]
 |   |   |   |- Guid:7587444F4FB13B9B9CD114BBE7885340 BaseClass: NativeClass:/Script/Engine.StaticMeshActor Name:StaticMeshActor_19 Label:SM_QuarterCylinder2 SpatiallyLoaded:1 Bounds:IsValid=true, Min=(X=2500.000 Y=2600.000 Z=0.000), Max=(X=2600.000 Y=2700.000 Z=200.000) RuntimeGrid:None EditorOnly:0 RuntimeOnly:0 HLODRelevant:1 FolderPath:Block02 FolderGuid:EBA23F8248252949750E43911A3A1CDD
 |   |   |- [+] [ 23]
 |   |   |   |- Guid:B785ED2844B84CFB91E7F39FE661CD99 BaseClass: NativeClass:/Script/Engine.DirectionalLight Name:DirectionalLight_0 Label:DirectionalLight SpatiallyLoaded:0 Bounds:IsValid=true, Min=(X=-1048576.000 Y=-1048576.000 Z=-1048576.000), Max=(X=1048576.000 Y=1048576.000 Z=1048576.000) RuntimeGrid:None EditorOnly:0 RuntimeOnly:0 HLODRelevant:0 FolderPath:Lighting FolderGuid:963EC3EB4002CCE9759E2EBA541A873A
 |   |   |- [+] [ 24]
 |   |   |   |- Guid:618BA101439F0921FDFDD8B810F41383 BaseClass:/Game/Blueprints/BP_Spikes.BP_Spikes_C NativeClass:/Script/Engine.Actor Name:BP_Spikes_C_UAID_D45D64B670AFB7AC01_1423436010 Label:BP_Spikes2 SpatiallyLoaded:1 Bounds:IsValid=true, Min=(X=1303.046 Y=1095.823 Z=96.353), Max=(X=1421.681 Y=1224.360 Z=195.994) RuntimeGrid:None EditorOnly:0 RuntimeOnly:0 HLODRelevant:0
 |   |   |- [+] [ 25]
 |   |   |   |- Guid:1B9598344A1F20E1A5125DA8A7E9FC0F BaseClass: NativeClass:/Script/Engine.StaticMeshActor Name:StaticMeshActor_22 Label:SM_QuarterCylinder4 SpatiallyLoaded:1 Bounds:IsValid=true, Min=(X=741.852 Y=2880.498 Z=124.867), Max=(X=843.061 Y=2980.990 Z=325.238) RuntimeGrid:None EditorOnly:0 RuntimeOnly:0 HLODRelevant:1 FolderPath:Block03 FolderGuid:7B7009C345D3D6DD94D3429E1D79C034
 |   |   |- [+] [ 26]
 |   |   |   |- Guid:5E4DB4154690C8B4EB14EAA9E92FAAFF BaseClass: NativeClass:/Script/Engine.StaticMeshActor Name:StaticMeshActor_33 Label:SM_QuarterCylinder12 SpatiallyLoaded:1 Bounds:IsValid=true, Min=(X=2383.890 Y=2281.872 Z=0.000), Max=(X=2583.890 Y=2481.872 Z=100.000) RuntimeGrid:None EditorOnly:0 RuntimeOnly:0 HLODRelevant:1 FolderPath:Cylinder FolderGuid:D075E5BA49330D3EC2503D81A7CF88D1
 |   |   |- [+] [ 27]
 |   |   |   |- Guid:316CF2A6494ACA4C0E4180A87D36AB8F BaseClass: NativeClass:/Script/Engine.ExponentialHeightFog Name:ExponentialHeightFog_0 Label:ExponentialHeightFog SpatiallyLoaded:0 Bounds:IsValid=true, Min=(X=-5600.000 Y=-50.000 Z=-6850.000), Max=(X=-5600.000 Y=-50.000 Z=-6850.000) RuntimeGrid:None EditorOnly:0 RuntimeOnly:0 HLODRelevant:0 FolderPath:Lighting FolderGuid:963EC3EB4002CCE9759E2EBA541A873A
 |   |   |- [+] [ 28]
 |   |   |   |- Guid:DE3A079B4635A6D8D620CCBC6C0BB1C0 BaseClass: NativeClass:/Script/Engine.StaticMeshActor Name:StaticMeshActor_35 Label:SM_QuarterCylinder14 SpatiallyLoaded:1 Bounds:IsValid=true, Min=(X=2583.890 Y=2081.872 Z=0.000), Max=(X=2783.890 Y=2281.872 Z=100.000) RuntimeGrid:None EditorOnly:0 RuntimeOnly:0 HLODRelevant:1 FolderPath:Cylinder FolderGuid:D075E5BA49330D3EC2503D81A7CF88D1
 |   |   |- [+] [ 29]
 |   |   |   |- Guid:79C9B0C246824948C2428ABA13657451 BaseClass: NativeClass:/Script/Engine.StaticMeshActor Name:StaticMeshActor_25 Label:SM_QuarterCylinder6 SpatiallyLoaded:1 Bounds:IsValid=true, Min=(X=2011.934 Y=1912.090 Z=-0.000), Max=(X=2111.934 Y=2012.091 Z=200.000) RuntimeGrid:None EditorOnly:0 RuntimeOnly:0 HLODRelevant:1 FolderPath:Block01 FolderGuid:7D23E5AE4C2A421F86AF6986D87E6D05
 |   |   |- [+] [ 30]
 |   |   |   |- Guid:F1924B8D48954B30891B2DB6A694F9CC BaseClass: NativeClass:/Script/Engine.StaticMeshActor Name:StaticMeshActor_1 Label:SM_Cube SpatiallyLoaded:1 Bounds:IsValid=true, Min=(X=0.000 Y=0.000 Z=-50.000), Max=(X=3000.000 Y=3500.000 Z=0.000) RuntimeGrid:None EditorOnly:0 RuntimeOnly:0 HLODRelevant:1 FolderPath:Playground FolderGuid:C73F09FC4215536B1DCE2A9E0A830C70
 |   |   |- [+] [ 31]
 |   |   |   |- Guid:90C689DB46D56A852DED76B2D9CD08D9 BaseClass:/Game/Blueprints/CollectableCoins.CollectableCoins_C NativeClass:/Script/Engine.Actor Name:CollectableCoins_C_UAID_D45D64B670AFB4AC01_1226308477 Label:CollectableCoins4 SpatiallyLoaded:1 Bounds:IsValid=true, Min=(X=865.258 Y=1725.840 Z=14.512), Max=(X=929.258 Y=1789.840 Z=78.512) RuntimeGrid:None EditorOnly:0 RuntimeOnly:0 HLODRelevant:0
 |   |   |- [+] [ 32]
 |   |   |   |- Guid:EDAA34A64E50B17535C2EB826C12557D BaseClass: NativeClass:/Script/Engine.StaticMeshActor Name:StaticMeshActor_9 Label:SM_Ramp2 SpatiallyLoaded:1 Bounds:IsValid=true, Min=(X=861.465 Y=260.630 Z=-0.000), Max=(X=1261.465 Y=460.630 Z=100.000) RuntimeGrid:None EditorOnly:0 RuntimeOnly:0 HLODRelevant:1 FolderPath:Block01 FolderGuid:7D23E5AE4C2A421F86AF6986D87E6D05
 |   |   |- [+] [ 33]
 |   |   |   |- Guid:2FB58999456391D349DC0F86DAC136ED BaseClass: NativeClass:/Script/Engine.SkyLight Name:SkyLight_1 Label:SkyLight SpatiallyLoaded:0 Bounds:IsValid=true, Min=(X=0.000 Y=0.000 Z=690.000), Max=(X=0.000 Y=0.000 Z=690.000) RuntimeGrid:None EditorOnly:0 RuntimeOnly:0 HLODRelevant:0 FolderPath:Lighting FolderGuid:963EC3EB4002CCE9759E2EBA541A873A
 |   |   |- [+] [ 34]
 |   |   |   |- Guid:9765ECF54858C165188C95B28D88016B BaseClass: NativeClass:/Script/Engine.StaticMeshActor Name:StaticMeshActor_12 Label:SM_Cube8 SpatiallyLoaded:1 Bounds:IsValid=true, Min=(X=785.568 Y=2082.665 Z=0.000), Max=(X=1985.568 Y=2382.665 Z=200.000) RuntimeGrid:None EditorOnly:0 RuntimeOnly:0 HLODRelevant:1 FolderPath:Block02 FolderGuid:EBA23F8248252949750E43911A3A1CDD
 |   |   |- [+] [ 35]
 |   |   |   |- Guid:961864A84FF6F65B68F2A3BE5819D538 BaseClass: NativeClass:/Script/Engine.StaticMeshActor Name:StaticMeshActor_8 Label:SM_Cube4 SpatiallyLoaded:1 Bounds:IsValid=true, Min=(X=2011.934 Y=1412.091 Z=-0.000), Max=(X=2611.934 Y=1912.091 Z=200.000) RuntimeGrid:None EditorOnly:0 RuntimeOnly:0 HLODRelevant:1 FolderPath:Block01 FolderGuid:7D23E5AE4C2A421F86AF6986D87E6D05
 |   |   |- [+] [ 36]
 |   |   |   |- Guid:E864EE5542C27D6674BEBB9312F02BB4 BaseClass: NativeClass:/Script/Engine.StaticMeshActor Name:StaticMeshActor_23 Label:SM_QuarterCylinder5 SpatiallyLoaded:1 Bounds:IsValid=true, Min=(X=941.849 Y=2881.452 Z=124.133), Max=(X=1043.057 Y=2981.944 Z=324.505) RuntimeGrid:None EditorOnly:0 RuntimeOnly:0 HLODRelevant:1 FolderPath:Block03 FolderGuid:7B7009C345D3D6DD94D3429E1D79C034
 |   |   |- [+] [ 37]
 |   |   |   |- Guid:A56216954B2165CF0F35A886B537D536 BaseClass: NativeClass:/Script/Engine.StaticMeshActor Name:StaticMeshActor_0 Label:SM_Cube5 SpatiallyLoaded:1 Bounds:IsValid=true, Min=(X=-0.000 Y=100.000 Z=0.000), Max=(X=100.000 Y=3400.000 Z=400.000) RuntimeGrid:None EditorOnly:0 RuntimeOnly:0 HLODRelevant:1 FolderPath:Playground FolderGuid:C73F09FC4215536B1DCE2A9E0A830C70
 |   |   |- [+] [ 38]
 |   |   |   |- Guid:08F9DC56444CFFF3F13B379E81EF05BC BaseClass: NativeClass:/Script/Engine.StaticMeshActor Name:StaticMeshActor_16 Label:SM_Cube11 SpatiallyLoaded:1 Bounds:IsValid=true, Min=(X=742.329 Y=2580.502 Z=124.139), Max=(X=1044.489 Y=2881.945 Z=325.257) RuntimeGrid:None EditorOnly:0 RuntimeOnly:0 HLODRelevant:1 FolderPath:Block03 FolderGuid:7B7009C345D3D6DD94D3429E1D79C034
 |   |   |- [+] [ 39]
 |   |   |   |- Guid:94F6D9A645798F5BAD0B58BEED8F27F5 BaseClass: NativeClass:/Script/Engine.StaticMeshActor Name:StaticMeshActor_32 Label:SM_QuarterCylinder11 SpatiallyLoaded:1 Bounds:IsValid=true, Min=(X=2583.890 Y=2281.872 Z=0.000), Max=(X=2783.890 Y=2481.872 Z=100.000) RuntimeGrid:None EditorOnly:0 RuntimeOnly:0 HLODRelevant:1 FolderPath:Cylinder FolderGuid:D075E5BA49330D3EC2503D81A7CF88D1
 |   |   |- [+] [ 40]
 |   |   |   |- Guid:DE1213574F0DA296E5BF36B2457364B8 BaseClass:/Game/Blueprints/CollectableCoins.CollectableCoins_C NativeClass:/Script/Engine.Actor Name:CollectableCoins_C_UAID_D45D64B670AFB4AC01_1224494476 Label:CollectableCoins3 SpatiallyLoaded:1 Bounds:IsValid=true, Min=(X=865.258 Y=1616.016 Z=14.512), Max=(X=929.258 Y=1680.016 Z=78.512) RuntimeGrid:None EditorOnly:0 RuntimeOnly:0 HLODRelevant:0
 |   |   |- [+] [ 41]
 |   |   |   |- Guid:0A733B864C327F0B589EC8BBDD0265BC BaseClass: NativeClass:/Script/Engine.StaticMeshActor Name:StaticMeshActor_13 Label:SM_Cube9 SpatiallyLoaded:1 Bounds:IsValid=true, Min=(X=1261.465 Y=260.630 Z=-0.000), Max=(X=1461.465 Y=960.630 Z=100.000) RuntimeGrid:None EditorOnly:0 RuntimeOnly:0 HLODRelevant:1 FolderPath:Block01 FolderGuid:7D23E5AE4C2A421F86AF6986D87E6D05
 |   |   |- [+] [ 42]
 |   |   |   |- Guid:F703AD214DE20FBE9DA411817BF79E0A BaseClass: NativeClass:/Script/Engine.StaticMeshActor Name:StaticMeshActor_21 Label:SM_QuarterCylinder3 SpatiallyLoaded:1 Bounds:IsValid=true, Min=(X=2311.934 Y=1912.091 Z=-0.000), Max=(X=2411.934 Y=2012.090 Z=200.000) RuntimeGrid:None EditorOnly:0 RuntimeOnly:0 HLODRelevant:1 FolderPath:Block01 FolderGuid:7D23E5AE4C2A421F86AF6986D87E6D05
 |   |   |- [+] [ 43]
 |   |   |   |- Guid:A62952F6486B83D6359E3B985F006FC2 BaseClass:/Game/Blueprints/BP_Checkpoint.BP_Checkpoint_C NativeClass:/Script/Engine.Actor Name:BP_Checkpoint_C_UAID_D45D64B670AFBAAC01_1324247540 Label:BP_Checkpoint SpatiallyLoaded:1 Bounds:IsValid=true, Min=(X=1257.652 Y=791.210 Z=114.679), Max=(X=1643.338 Y=1031.210 Z=354.679) RuntimeGrid:None EditorOnly:0 RuntimeOnly:0 HLODRelevant:0
 |   |   |- [+] [ 44]
 |   |   |   |- Guid:BC08B79C4EA3C961CFF75EBBE83B367D BaseClass: NativeClass:/Script/Engine.StaticMeshActor Name:StaticMeshActor_5 Label:SM_Cube2 SpatiallyLoaded:1 Bounds:IsValid=true, Min=(X=0.000 Y=0.000 Z=0.000), Max=(X=3000.000 Y=100.000 Z=400.000) RuntimeGrid:None EditorOnly:0 RuntimeOnly:0 HLODRelevant:1 FolderPath:Playground FolderGuid:C73F09FC4215536B1DCE2A9E0A830C70
 |   |   |- [+] [ 45]
 |   |   |   |- Guid:4B71F93D48F488E27A0FBD9E628A6145 BaseClass: NativeClass:/Script/Engine.StaticMeshActor Name:StaticMeshActor_UAID_D45D64B670AFB1AC01_1539209943 Label:Coin SpatiallyLoaded:1 Bounds:IsValid=true, Min=(X=940.000 Y=1890.000 Z=0.000), Max=(X=940.000 Y=1890.000 Z=0.000) RuntimeGrid:None EditorOnly:0 RuntimeOnly:0 HLODRelevant:0
 |   |   |- [+] [ 46]
 |   |   |   |- Guid:26B8C3BE41021A3F42B61FA534F9181E BaseClass: NativeClass:/Script/Engine.StaticMeshActor Name:StaticMeshActor_20 Label:SM_Cube12 SpatiallyLoaded:1 Bounds:IsValid=true, Min=(X=2500.000 Y=2700.000 Z=0.000), Max=(X=2600.000 Y=2800.000 Z=200.000) RuntimeGrid:None EditorOnly:0 RuntimeOnly:0 HLODRelevant:1 FolderPath:Block02 FolderGuid:EBA23F8248252949750E43911A3A1CDD
 |   |   |- [+] [ 47]
 |   |   |   |- Guid:FF698C67459ADB4982D7759C0905EE9F BaseClass: NativeClass:/Script/Engine.StaticMeshActor Name:StaticMeshActor_6 Label:SM_Cube3 SpatiallyLoaded:1 Bounds:IsValid=true, Min=(X=0.000 Y=3400.000 Z=0.000), Max=(X=3000.000 Y=3500.000 Z=400.000) RuntimeGrid:None EditorOnly:0 RuntimeOnly:0 HLODRelevant:1 FolderPath:Playground FolderGuid:C73F09FC4215536B1DCE2A9E0A830C70
 |   |   |- [+] [ 48]
 |   |   |   |- Guid:F4AAA1CA4D204EB96E54F5BD1EB46A62 BaseClass: NativeClass:/Script/Engine.StaticMeshActor Name:StaticMeshActor_7 Label:SM_Cube7 SpatiallyLoaded:1 Bounds:IsValid=true, Min=(X=2111.934 Y=1912.091 Z=-0.000), Max=(X=2311.934 Y=2012.091 Z=200.000) RuntimeGrid:None EditorOnly:0 RuntimeOnly:0 HLODRelevant:1 FolderPath:Block01 FolderGuid:7D23E5AE4C2A421F86AF6986D87E6D05
 |   |   |- [+] [ 49]
 |   |   |   |- Guid:3A00AA1C422CE54C0BDB60BAF471BFBB BaseClass: NativeClass:/Script/Engine.PlayerStart Name:PlayerStart_0 Label:PlayerStart SpatiallyLoaded:0 Bounds:IsValid=true, Min=(X=860.000 Y=1070.000 Z=0.013), Max=(X=940.000 Y=1150.000 Z=184.013) RuntimeGrid:None EditorOnly:0 RuntimeOnly:0 HLODRelevant:0
 |   |   |- [+] [ 50]
 |   |   |   |- Guid:745A095B4BA4E157E4537FA63F5B7B43 BaseClass: NativeClass:/Script/Engine.StaticMeshActor Name:StaticMeshActor_2 Label:SM_ChamferCube SpatiallyLoaded:1 Bounds:IsValid=true, Min=(X=663.831 Y=2000.000 Z=0.013), Max=(X=763.831 Y=2100.000 Z=100.013) RuntimeGrid:None EditorOnly:0 RuntimeOnly:0 HLODRelevant:0
 |   |   |- [+] [ 51]
 |   |   |   |- Guid:D6FCB3424B9FABE5B3413DB0080B3E72 BaseClass:/Game/Blueprints/BP_Live.BP_Live_C NativeClass:/Script/Engine.Actor Name:BP_Live_C_UAID_D45D64B670AF91AD01_1376150369 Label:BP_Live4 SpatiallyLoaded:1 Bounds:IsValid=true, Min=(X=1068.623 Y=1239.910 Z=-4.119), Max=(X=1132.623 Y=1303.910 Z=59.881) RuntimeGrid:None EditorOnly:0 RuntimeOnly:0 HLODRelevant:0
 |   |   |- [+] [ 52]
 |   |   |   |- Guid:F0059B364B292B745B089186E5EFB68B BaseClass:/Game/Blueprints/CollectableCoins.CollectableCoins_C NativeClass:/Script/Engine.Actor Name:CollectableCoins_C_UAID_D45D64B670AFB4AC01_1221903475 Label:CollectableCoins2 SpatiallyLoaded:1 Bounds:IsValid=true, Min=(X=865.258 Y=1510.562 Z=14.512), Max=(X=929.258 Y=1574.562 Z=78.512) RuntimeGrid:None EditorOnly:0 RuntimeOnly:0 HLODRelevant:0
 |   |   |- [+] [ 53]
 |   |   |   |- Guid:25F913DD431AF1FA64FC33A666AA1CF9 BaseClass: NativeClass:/Script/Engine.StaticMeshActor Name:StaticMeshActor_UAID_D45D64B670AFECAD01_1925847383 Label:SM_Ramp4 SpatiallyLoaded:1 Bounds:IsValid=true, Min=(X=1461.432 Y=260.962 Z=-0.000), Max=(X=1861.432 Y=460.962 Z=100.000) RuntimeGrid:None EditorOnly:0 RuntimeOnly:0 HLODRelevant:1 FolderPath:Block01 FolderGuid:7D23E5AE4C2A421F86AF6986D87E6D05
 |   |   |- [+] [ 54]
 |   |   |   |- Guid:56E36D244BB34D173749539D7DDFC057 BaseClass: NativeClass:/Script/Engine.StaticMeshActor Name:StaticMeshActor_UAID_D45D64B670AFECAD01_1998559384 Label:SM_Cube14 SpatiallyLoaded:1 Bounds:IsValid=true, Min=(X=1261.465 Y=956.771 Z=-0.000), Max=(X=1461.465 Y=1706.771 Z=100.000) RuntimeGrid:None EditorOnly:0 RuntimeOnly:0 HLODRelevant:1 FolderPath:Block01 FolderGuid:7D23E5AE4C2A421F86AF6986D87E6D05
 |   |   |- [+] [ 55]
 |   |   |   |- Guid:1B0485974BE5EED58A120AA22E0DDA38 BaseClass: NativeClass:/Script/Engine.StaticMeshActor Name:StaticMeshActor_UAID_D45D64B670AFECAD01_2037516385 Label:SM_Cube15 SpatiallyLoaded:1 Bounds:IsValid=true, Min=(X=1261.465 Y=1227.537 Z=100.000), Max=(X=1461.465 Y=1327.537 Z=200.000) RuntimeGrid:None EditorOnly:0 RuntimeOnly:0 HLODRelevant:1 FolderPath:Block01 FolderGuid:7D23E5AE4C2A421F86AF6986D87E6D05
 |   |   |- [+] [ 56]
 |   |   |   |- Guid:D919B2C64D1F1B5CB7A3DDBE448D258D BaseClass:/Game/Blueprints/BP_Spikes.BP_Spikes_C NativeClass:/Script/Engine.Actor Name:BP_Spikes_C_UAID_D45D64B670AFECAD01_2070808386 Label:BP_Spikes4 SpatiallyLoaded:1 Bounds:IsValid=true, Min=(X=1303.046 Y=1335.808 Z=96.353), Max=(X=1421.681 Y=1464.344 Z=195.994) RuntimeGrid:None EditorOnly:0 RuntimeOnly:0 HLODRelevant:0
 |   |   |- [+] [ 57]
 |   |   |   |- Guid:02F7AFEE468A12CCF718CE85655803CF BaseClass:/Game/Blueprints/BP_Spikes.BP_Spikes_C NativeClass:/Script/Engine.Actor Name:BP_Spikes_C_UAID_D45D64B670AFECAD01_2070810387 Label:BP_Spikes5 SpatiallyLoaded:1 Bounds:IsValid=true, Min=(X=1303.046 Y=1466.913 Z=96.353), Max=(X=1421.681 Y=1595.449 Z=195.994) RuntimeGrid:None EditorOnly:0 RuntimeOnly:0 HLODRelevant:0
 |   |   |- [+] [ 58]
 |   |   |   |- Guid:86AF5A674DA858313BE6319A333AAF5B BaseClass: NativeClass:/Script/Engine.StaticMeshActor Name:StaticMeshActor_UAID_D45D64B670AFECAD01_2070811388 Label:SM_Cube16 SpatiallyLoaded:1 Bounds:IsValid=true, Min=(X=1261.465 Y=1607.048 Z=100.000), Max=(X=1461.465 Y=1707.048 Z=200.000) RuntimeGrid:None EditorOnly:0 RuntimeOnly:0 HLODRelevant:1 FolderPath:Block01 FolderGuid:7D23E5AE4C2A421F86AF6986D87E6D05
 |   |   |- [+] [ 59]
 |   |   |   |- Guid:6959FC8F4E392BC41C0B33981DF92421 BaseClass: NativeClass:/Script/Engine.StaticMeshActor Name:StaticMeshActor_UAID_D45D64B670AFEDAD01_1107990565 Label:SM_Ramp5 SpatiallyLoaded:1 Bounds:IsValid=true, Min=(X=1774.914 Y=2181.885 Z=200.015), Max=(X=1974.914 Y=2581.885 Z=325.015) RuntimeGrid:None EditorOnly:0 RuntimeOnly:0 HLODRelevant:1 FolderPath:Block01 FolderGuid:7D23E5AE4C2A421F86AF6986D87E6D05
 |   |   |- [+] [ 60]
 |   |   |   |- Guid:E47D4B4742A08DD8BAD082A723FBF330 BaseClass: NativeClass:/Script/Engine.StaticMeshActor Name:StaticMeshActor_UAID_D45D64B670AFEDAD01_1183580566 Label:SM_Ramp6 SpatiallyLoaded:1 Bounds:IsValid=true, Min=(X=786.554 Y=2181.885 Z=200.015), Max=(X=986.554 Y=2581.885 Z=325.015) RuntimeGrid:None EditorOnly:0 RuntimeOnly:0 HLODRelevant:1 FolderPath:Block01 FolderGuid:7D23E5AE4C2A421F86AF6986D87E6D05
 |   |   |- [+] [ 61]
 |   |   |   |- Guid:B603111A4E8D4EA3B8B7D8AF64EB79A8 BaseClass: NativeClass:/Script/Engine.StaticMeshActor Name:StaticMeshActor_UAID_D45D64B670AFEDAD01_1317436567 Label:SM_Cube17 SpatiallyLoaded:1 Bounds:IsValid=true, Min=(X=1826.756 Y=2880.975 Z=124.500), Max=(X=1928.332 Y=2981.475 Z=424.871) RuntimeGrid:None EditorOnly:0 RuntimeOnly:0 HLODRelevant:1 FolderPath:Block03 FolderGuid:7B7009C345D3D6DD94D3429E1D79C034
 |   |   |- [+] [ 62]
 |   |   |   |- Guid:002A9BCA4192132157E4FA9C80E1DB97 BaseClass: NativeClass:/Script/Engine.StaticMeshActor Name:StaticMeshActor_UAID_D45D64B670AFEDAD01_1317438568 Label:SM_QuarterCylinder7 SpatiallyLoaded:1 Bounds:IsValid=true, Min=(X=1726.758 Y=2880.498 Z=124.867), Max=(X=1827.967 Y=2980.990 Z=325.238) RuntimeGrid:None EditorOnly:0 RuntimeOnly:0 HLODRelevant:1 FolderPath:Block03 FolderGuid:7B7009C345D3D6DD94D3429E1D79C034
 |   |   |- [+] [ 63]
 |   |   |   |- Guid:ED80D8794D7F5207F5C7BDB45C47A4F2 BaseClass: NativeClass:/Script/Engine.StaticMeshActor Name:StaticMeshActor_UAID_D45D64B670AFEDAD01_1317438569 Label:SM_QuarterCylinder8 SpatiallyLoaded:1 Bounds:IsValid=true, Min=(X=1926.754 Y=2881.452 Z=124.133), Max=(X=2027.963 Y=2981.944 Z=324.505) RuntimeGrid:None EditorOnly:0 RuntimeOnly:0 HLODRelevant:1 FolderPath:Block03 FolderGuid:7B7009C345D3D6DD94D3429E1D79C034
 |   |   |- [+] [ 64]
 |   |   |   |- Guid:5752929E4DF28D39E5A2E78F60D043DA BaseClass: NativeClass:/Script/Engine.StaticMeshActor Name:StaticMeshActor_UAID_D45D64B670AFEDAD01_1317440570 Label:SM_Cube18 SpatiallyLoaded:1 Bounds:IsValid=true, Min=(X=1727.235 Y=2580.502 Z=124.139), Max=(X=2029.394 Y=2881.945 Z=325.257) RuntimeGrid:None EditorOnly:0 RuntimeOnly:0 HLODRelevant:1 FolderPath:Block03 FolderGuid:7B7009C345D3D6DD94D3429E1D79C034
 |   |   |- [+] [ 65]
 |   |   |   |- Guid:79D590CD4649560BB62F56906C68E9A7 BaseClass: NativeClass:/Script/Engine.StaticMeshActor Name:StaticMeshActor_UAID_D45D64B670AFEDAD01_1334255571 Label:SM_Cube19 SpatiallyLoaded:1 Bounds:IsValid=true, Min=(X=1727.235 Y=2580.502 Z=323.107), Max=(X=1779.399 Y=2880.753 Z=523.307) RuntimeGrid:None EditorOnly:0 RuntimeOnly:0 HLODRelevant:1 FolderPath:Block03 FolderGuid:7B7009C345D3D6DD94D3429E1D79C034
 |   |   |- [+] [ 66]
 |   |   |   |- Guid:C73D23D648B5DB93A28A46A55C7E54F5 BaseClass: NativeClass:/Script/Engine.StaticMeshActor Name:StaticMeshActor_UAID_D45D64B670AFEDAD01_1350654572 Label:SM_Cube20 SpatiallyLoaded:1 Bounds:IsValid=true, Min=(X=1976.977 Y=2580.502 Z=323.107), Max=(X=2029.141 Y=2880.753 Z=523.307) RuntimeGrid:None EditorOnly:0 RuntimeOnly:0 HLODRelevant:1 FolderPath:Block03 FolderGuid:7B7009C345D3D6DD94D3429E1D79C034
 |   |   |- [+] [ 67]
 |   |   |   |- Guid:55D5B7FC473B510F9DE180BC2F477575 BaseClass:/Game/Blueprints/BP_Spikes.BP_Spikes_C NativeClass:/Script/Engine.Actor Name:BP_Spikes_C_UAID_D45D64B670AFEDAD01_1489310573 Label:BP_Spikes6 SpatiallyLoaded:1 Bounds:IsValid=true, Min=(X=1908.289 Y=2584.557 Z=319.545), Max=(X=2026.924 Y=2713.093 Z=419.185) RuntimeGrid:None EditorOnly:0 RuntimeOnly:0 HLODRelevant:0
 |   |   |- [+] [ 68]
 |   |   |   |- Guid:FABA86D54197299222CA6F8318C46F55 BaseClass:/Game/Blueprints/BP_Spikes.BP_Spikes_C NativeClass:/Script/Engine.Actor Name:BP_Spikes_C_UAID_D45D64B670AFEDAD01_1500240574 Label:BP_Spikes7 SpatiallyLoaded:1 Bounds:IsValid=true, Min=(X=1730.057 Y=2584.557 Z=319.545), Max=(X=1848.693 Y=2713.093 Z=419.185) RuntimeGrid:None EditorOnly:0 RuntimeOnly:0 HLODRelevant:0
 |   |   |- [+] [ 69]
 |   |   |   |- Guid:98A2231A4C1CA02931F55786B5567721 BaseClass:/Game/Blueprints/BP_Spikes.BP_Spikes_C NativeClass:/Script/Engine.Actor Name:BP_Spikes_C_UAID_D45D64B670AFEDAD01_1513633575 Label:BP_Spikes8 SpatiallyLoaded:1 Bounds:IsValid=true, Min=(X=1908.289 Y=2710.084 Z=319.545), Max=(X=2026.924 Y=2838.620 Z=419.185) RuntimeGrid:None EditorOnly:0 RuntimeOnly:0 HLODRelevant:0
 |   |   |- [+] [ 70]
 |   |   |   |- Guid:8AD1997D46385692ED631D8FAD5D32C5 BaseClass:/Game/Blueprints/BP_Spikes.BP_Spikes_C NativeClass:/Script/Engine.Actor Name:BP_Spikes_C_UAID_D45D64B670AFEDAD01_1513635576 Label:BP_Spikes9 SpatiallyLoaded:1 Bounds:IsValid=true, Min=(X=1730.057 Y=2710.084 Z=319.545), Max=(X=1848.693 Y=2838.620 Z=419.185) RuntimeGrid:None EditorOnly:0 RuntimeOnly:0 HLODRelevant:0
 |   |   |- [+] [ 71]
 |   |   |   |- Guid:28DD352A4676DF842C7D9A8E66260934 BaseClass:/Game/Blueprints/BP_Spikes.BP_Spikes_C NativeClass:/Script/Engine.Actor Name:BP_Spikes_C_UAID_D45D64B670AFEDAD01_1526647577 Label:BP_Spikes10 SpatiallyLoaded:1 Bounds:IsValid=true, Min=(X=1908.289 Y=2826.572 Z=319.545), Max=(X=2026.924 Y=2955.109 Z=419.185) RuntimeGrid:None EditorOnly:0 RuntimeOnly:0 HLODRelevant:0
 |   |   |- [+] [ 72]
 |   |   |   |- Guid:0456D95B41E2955E5B3F558C291BB96E BaseClass:/Game/Blueprints/BP_Spikes.BP_Spikes_C NativeClass:/Script/Engine.Actor Name:BP_Spikes_C_UAID_D45D64B670AFEDAD01_1526650578 Label:BP_Spikes11 SpatiallyLoaded:1 Bounds:IsValid=true, Min=(X=1715.546 Y=2826.572 Z=319.545), Max=(X=1834.181 Y=2955.109 Z=419.185) RuntimeGrid:None EditorOnly:0 RuntimeOnly:0 HLODRelevant:0
 |   |   |- [+] [ 73]
 |   |   |   |- Guid:314E760648913916237C6A9BC25A7794 BaseClass: NativeClass:/Script/Engine.StaticMeshActor Name:StaticMeshActor_UAID_D45D64B670AFEFAD01_1731638931 Label:SM_Cube21 SpatiallyLoaded:1 Bounds:IsValid=true, Min=(X=1728.656 Y=2580.097 Z=521.521), Max=(X=2029.550 Y=2731.531 Z=572.630) RuntimeGrid:None EditorOnly:0 RuntimeOnly:0 HLODRelevant:1 FolderPath:Block03 FolderGuid:7B7009C345D3D6DD94D3429E1D79C034
 |- ContainerInstances:
 |- [+] MainContainer:
 |   |-        ID: 0x0000000000000000
 |   |-    Bounds: IsValid=false, Min=(X=0.000 Y=0.000 Z=0.000), Max=(X=0.000 Y=0.000 Z=0.000)
 |   |- Transform: 0.000000,0.000000,0.000000|0.000000,0.000000,-0.000000|1.000000,1.000000,1.000000
 |   |- Container: /Game/ThirdPerson/Maps/ThirdPersonMap
----------------------------------------------------------------------------------------------------------------
ThirdPersonMap - Persistent Level
----------------------------------------------------------------------------------------------------------------
Always loaded Actor Count: 81 

----------------------------------------------------------------------------------------------------------------
ThirdPersonMap - Runtime Spatial Hash - Streaming Grid - MainGrid
----------------------------------------------------------------------------------------------------------------
            Origin: X=0.000 Y=0.000 Z=0.000
         Cell Size: 12800
      World Bounds: IsValid=false, Min=(X=0.000 Y=0.000 Z=0.000), Max=(X=0.000 Y=0.000 Z=0.000)
     Loading Range: 25600.00
Block Slow Loading: No
 ClientOnlyVisible: No

[+] Grid Levels: 1
 |- Level  0: Cell Count    0 | Cell Size   12800 | Actor Count    0 (0.0%)

[+] Content of Grid Level 0

